<?xml version="1.0" encoding="UTF-8"?>
<!-- Generated by org.testng.reporters.JUnitXMLReporter -->
<testsuite ignored="0" hostname="DESKTOP-E3N5S00" failures="0" tests="3" name="Default test" time="7.082" errors="0" timestamp="2022-03-16T12:57:44 IST">
  <testcase classname="RestTesting.Trello" name="createBoard" time="5.325"/>
  <testcase classname="RestTesting.Trello" name="getBoard" time="0.663"/>
  <testcase classname="RestTesting.Trello" name="DeleteBoard" time="1.011"/>
</testsuite> <!-- Default test -->
