<?xml version="1.0" encoding="UTF-8"?>
<testng-results ignored="0" total="3" passed="3" failed="0" skipped="0">
  <reporter-output>
  </reporter-output>
  <suite started-at="2022-03-16T12:57:37 IST" name="Default suite" finished-at="2022-03-16T12:57:44 IST" duration-ms="7082">
    <groups>
    </groups>
    <test started-at="2022-03-16T12:57:37 IST" name="Default test" finished-at="2022-03-16T12:57:44 IST" duration-ms="7082">
      <class name="RestTesting.Trello">
        <test-method signature="createBoard()[pri:0, instance:RestTesting.Trello@1ba9117e]" started-at="2022-03-16T12:57:37 IST" name="createBoard" finished-at="2022-03-16T12:57:43 IST" duration-ms="5325" status="PASS">
          <reporter-output>
          </reporter-output>
        </test-method> <!-- createBoard -->
        <test-method signature="getBoard()[pri:1, instance:RestTesting.Trello@1ba9117e]" started-at="2022-03-16T12:57:43 IST" name="getBoard" finished-at="2022-03-16T12:57:43 IST" duration-ms="663" status="PASS">
          <reporter-output>
          </reporter-output>
        </test-method> <!-- getBoard -->
        <test-method signature="DeleteBoard()[pri:2, instance:RestTesting.Trello@1ba9117e]" started-at="2022-03-16T12:57:43 IST" name="DeleteBoard" finished-at="2022-03-16T12:57:44 IST" duration-ms="1011" status="PASS">
          <reporter-output>
          </reporter-output>
        </test-method> <!-- DeleteBoard -->
      </class> <!-- RestTesting.Trello -->
    </test> <!-- Default test -->
  </suite> <!-- Default suite -->
</testng-results>
